{
  "stats": {
    "suites": 20,
    "tests": 51,
    "passes": 51,
    "pending": 0,
    "failures": 0,
    "start": "2021-01-02T13:43:43.296Z",
    "end": "2021-01-02T13:46:51.401Z",
    "duration": 83295,
    "testsRegistered": 51,
    "passPercent": 100,
    "pendingPercent": 0,
    "other": 0,
    "hasOther": false,
    "skipped": 0,
    "hasSkipped": false
  },
  "results": [
    {
      "uuid": "a0e70dc4-a9d4-44d9-801d-c71658ed9679",
      "title": "",
      "fullFile": "cypress\\integration\\automation-test-store\\add-multiple-items-to-basket.js",
      "file": "cypress\\integration\\automation-test-store\\add-multiple-items-to-basket.js",
      "beforeHooks": [],
      "afterHooks": [],
      "tests": [],
      "suites": [
        {
          "uuid": "dea47a2c-0741-4058-8414-ec014dd3fd5e",
          "title": "Add multiple items to basket",
          "fullFile": "",
          "file": "",
          "beforeHooks": [],
          "afterHooks": [],
          "tests": [
            {
              "title": "Add specific items to basket",
              "fullTitle": "Add multiple items to basket Add specific items to basket",
              "timedOut": null,
              "duration": 5751,
              "state": "passed",
              "speed": "slow",
              "pass": true,
              "fail": false,
              "pending": false,
              "context": null,
              "code": "autoStore_HairCare_PO.addHairCareProductsToBasket();",
              "err": {},
              "uuid": "895f0786-b63b-428a-925e-5df48d7b36f6",
              "parentUUID": "dea47a2c-0741-4058-8414-ec014dd3fd5e",
              "isHook": false,
              "skipped": false
            }
          ],
          "suites": [],
          "passes": [
            "895f0786-b63b-428a-925e-5df48d7b36f6"
          ],
          "failures": [],
          "pending": [],
          "skipped": [],
          "duration": 5751,
          "root": false,
          "rootEmpty": false,
          "_timeout": 2000
        }
      ],
      "passes": [],
      "failures": [],
      "pending": [],
      "skipped": [],
      "duration": 0,
      "root": true,
      "rootEmpty": true,
      "_timeout": 2000
    },
    {
      "uuid": "ebdf252a-4abd-49ae-a8e4-971cfbeac905",
      "title": "",
      "fullFile": "cypress\\integration\\automation-test-store\\alias-invoke.js",
      "file": "cypress\\integration\\automation-test-store\\alias-invoke.js",
      "beforeHooks": [],
      "afterHooks": [],
      "tests": [],
      "suites": [
        {
          "uuid": "0a9668d9-8784-425f-9bf1-efffafb6e5d5",
          "title": "Alias and invoke",
          "fullFile": "",
          "file": "",
          "beforeHooks": [],
          "afterHooks": [],
          "tests": [
            {
              "title": "Calculate total of normal and sale products",
              "fullTitle": "Alias and invoke Calculate total of normal and sale products",
              "timedOut": null,
              "duration": 2582,
              "state": "passed",
              "speed": "slow",
              "pass": true,
              "fail": false,
              "pending": false,
              "context": null,
              "code": "cy.visit(\"https://automationteststore.com/\");\ncy.get('.thumbnail').as('productThumbnail'); // cy.get('@productThumbnail').find('.oneprice').each(($el, index, $list) => {\n//     cy.log($el.text());\n// });\ncy.get('.thumbnail').find('.oneprice').invoke('text').as('itemPrice');\ncy.get('.thumbnail').find('.pricenew').invoke('text').as('saleItemPrice');\nvar itemsTotal = 0;\ncy.get('@itemPrice').then(function ($linkText) {\n  var itemsPriceTotal = 0;\n  var itemPrice = $linkText.split('$');\n  var i;\n  for (i = 0; i < itemPrice.length; i++) {\n    cy.log(itemPrice[i]);\n    itemsPriceTotal += Number(itemPrice[i]);\n  }\n  itemsTotal += itemsPriceTotal;\n  cy.log(\"Non sale price items total: \" + itemsPriceTotal);\n});\ncy.get('@saleItemPrice').then(function ($linkText) {\n  var saleItemsPrice = 0;\n  var saleItemPrice = $linkText.split('$');\n  var i;\n  for (i = 0; i < saleItemPrice.length; i++) {\n    cy.log(saleItemPrice[i]);\n    saleItemsPrice += Number(saleItemPrice[i]);\n  }\n  itemsTotal += saleItemsPrice;\n  cy.log(\"Sale price items total: \" + saleItemsPrice);\n}).then(function () {\n  cy.log(\"The total price of all products: \" + itemsTotal);\n  expect(itemsTotal).to.equal(652.6);\n});",
              "err": {},
              "uuid": "08f0f5ce-94f9-4f0a-ae81-acf2dd538309",
              "parentUUID": "0a9668d9-8784-425f-9bf1-efffafb6e5d5",
              "isHook": false,
              "skipped": false
            }
          ],
          "suites": [],
          "passes": [
            "08f0f5ce-94f9-4f0a-ae81-acf2dd538309"
          ],
          "failures": [],
          "pending": [],
          "skipped": [],
          "duration": 2582,
          "root": false,
          "rootEmpty": false,
          "_timeout": 2000
        }
      ],
      "passes": [],
      "failures": [],
      "pending": [],
      "skipped": [],
      "duration": 0,
      "root": true,
      "rootEmpty": true,
      "_timeout": 2000
    },
    {
      "uuid": "c83c5ce2-f1b3-410d-8b7d-32e7d27907f5",
      "title": "",
      "fullFile": "cypress\\integration\\automation-test-store\\contact-us.js",
      "file": "cypress\\integration\\automation-test-store\\contact-us.js",
      "beforeHooks": [],
      "afterHooks": [],
      "tests": [],
      "suites": [
        {
          "uuid": "b00dbb21-938d-42f3-b309-58bad8615df5",
          "title": "Test Contact Us form via Automation Test Store",
          "fullFile": "",
          "file": "",
          "beforeHooks": [],
          "afterHooks": [],
          "tests": [
            {
              "title": "Should be able to submit a successful submission via contact us form",
              "fullTitle": "Test Contact Us form via Automation Test Store Should be able to submit a successful submission via contact us form",
              "timedOut": null,
              "duration": 13590,
              "state": "passed",
              "speed": "slow",
              "pass": true,
              "fail": false,
              "pending": false,
              "context": null,
              "code": "cy.visit(\"https://www.automationteststore.com/\");\ncy.get(\"a[href$='contact']\").click().then(function (linkText) {\n  cy.log(\"Clicked on link using text: \" + linkText.text());\n}); //cy.xpath(\"//a[contains(@href, 'contact')]\").click();\ncy.get(\"@user\").then(function (user) {\n  cy.get('#ContactUsFrm_first_name').type(user.first_name);\n  cy.get('#ContactUsFrm_email').type(user.email);\n});\ncy.get('#ContactUsFrm_email').should('have.attr', 'name', 'email');\ncy.get('#ContactUsFrm_enquiry').type(\"Do you provide additional discount on bulk orders?\");\ncy.get(\"button[title='Submit']\").click();\ncy.get('.mb40 > :nth-child(3)').should('have.text', 'Your enquiry has been successfully sent to the store owner!');\ncy.log(\"Test has completed!\");",
              "err": {},
              "uuid": "c053fd4d-4261-4224-ae50-ef803b418153",
              "parentUUID": "b00dbb21-938d-42f3-b309-58bad8615df5",
              "isHook": false,
              "skipped": false
            }
          ],
          "suites": [],
          "passes": [
            "c053fd4d-4261-4224-ae50-ef803b418153"
          ],
          "failures": [],
          "pending": [],
          "skipped": [],
          "duration": 13590,
          "root": false,
          "rootEmpty": false,
          "_timeout": 2000
        }
      ],
      "passes": [],
      "failures": [],
      "pending": [],
      "skipped": [],
      "duration": 0,
      "root": true,
      "rootEmpty": true,
      "_timeout": 2000
    },
    {
      "uuid": "56893de8-a83f-48e2-b7bb-2972b2b72625",
      "title": "",
      "fullFile": "cypress\\integration\\automation-test-store\\inspect-item.js",
      "file": "cypress\\integration\\automation-test-store\\inspect-item.js",
      "beforeHooks": [],
      "afterHooks": [],
      "tests": [],
      "suites": [
        {
          "uuid": "f66dac3a-f42a-4686-800c-9eb916f216e0",
          "title": "Inspect Automation Test Store items using chain of commands",
          "fullFile": "",
          "file": "",
          "beforeHooks": [],
          "afterHooks": [],
          "tests": [
            {
              "title": "Click on the first item using item text",
              "fullTitle": "Inspect Automation Test Store items using chain of commands Click on the first item using item text",
              "timedOut": null,
              "duration": 4019,
              "state": "passed",
              "speed": "slow",
              "pass": true,
              "fail": false,
              "pending": false,
              "context": null,
              "code": "cy.visit(\"https://www.automationteststore.com/\");\ncy.get('.prdocutname').contains('Skinsheen Bronzer Stick').click().then(function (itemHeaderText) {\n  console.log(\"Selected the following item: \" + itemHeaderText.text());\n});",
              "err": {},
              "uuid": "be3a984c-b296-4d67-bb3b-66f06f78583a",
              "parentUUID": "f66dac3a-f42a-4686-800c-9eb916f216e0",
              "isHook": false,
              "skipped": false
            }
          ],
          "suites": [],
          "passes": [
            "be3a984c-b296-4d67-bb3b-66f06f78583a"
          ],
          "failures": [],
          "pending": [],
          "skipped": [],
          "duration": 4019,
          "root": false,
          "rootEmpty": false,
          "_timeout": 2000
        }
      ],
      "passes": [],
      "failures": [],
      "pending": [],
      "skipped": [],
      "duration": 0,
      "root": true,
      "rootEmpty": true,
      "_timeout": 2000
    },
    {
      "uuid": "569af64b-41e1-433c-8629-43a39a2ee182",
      "title": "",
      "fullFile": "cypress\\integration\\automation-test-store\\iterate-over-elements.js",
      "file": "cypress\\integration\\automation-test-store\\iterate-over-elements.js",
      "beforeHooks": [],
      "afterHooks": [],
      "tests": [],
      "suites": [
        {
          "uuid": "f49faf99-c6c6-40fb-8620-24ec7d84d748",
          "title": "Iterate over elements",
          "fullFile": "",
          "file": "",
          "beforeHooks": [],
          "afterHooks": [],
          "tests": [
            {
              "title": "Log information of all hair care products",
              "fullTitle": "Iterate over elements Log information of all hair care products",
              "timedOut": null,
              "duration": 5011,
              "state": "passed",
              "speed": "slow",
              "pass": true,
              "fail": false,
              "pending": false,
              "context": null,
              "code": "cy.get(\".fixed_wrapper .prdocutname\").each(function ($el, index, $list) {\n  cy.log(\"Index: \" + index + \" : \" + $el.text());\n});",
              "err": {},
              "uuid": "58ca7f06-04ab-4450-9407-af5a2faea9a8",
              "parentUUID": "f49faf99-c6c6-40fb-8620-24ec7d84d748",
              "isHook": false,
              "skipped": false
            },
            {
              "title": "Add specific product to basket",
              "fullTitle": "Iterate over elements Add specific product to basket",
              "timedOut": null,
              "duration": 1600,
              "state": "passed",
              "speed": "slow",
              "pass": true,
              "fail": false,
              "pending": false,
              "context": null,
              "code": "cy.selectProduct('Curls to straight Shampoo');",
              "err": {},
              "uuid": "351b552f-3c39-40bc-a4ae-fc75d0548efb",
              "parentUUID": "f49faf99-c6c6-40fb-8620-24ec7d84d748",
              "isHook": false,
              "skipped": false
            },
            {
              "title": "Add another specific product to basket",
              "fullTitle": "Iterate over elements Add another specific product to basket",
              "timedOut": null,
              "duration": 1433,
              "state": "passed",
              "speed": "slow",
              "pass": true,
              "fail": false,
              "pending": false,
              "context": null,
              "code": "cy.selectProduct('Seaweed Conditioner');",
              "err": {},
              "uuid": "756b9472-84bf-440e-95fd-682b67636503",
              "parentUUID": "f49faf99-c6c6-40fb-8620-24ec7d84d748",
              "isHook": false,
              "skipped": false
            },
            {
              "title": "Add another specific product to basket 2",
              "fullTitle": "Iterate over elements Add another specific product to basket 2",
              "timedOut": null,
              "duration": 1330,
              "state": "passed",
              "speed": "slow",
              "pass": true,
              "fail": false,
              "pending": false,
              "context": null,
              "code": "cy.selectProduct('Eau Parfumee au The Vert Shampoo');",
              "err": {},
              "uuid": "25143eb9-646d-4089-bd12-e63c07b190f1",
              "parentUUID": "f49faf99-c6c6-40fb-8620-24ec7d84d748",
              "isHook": false,
              "skipped": false
            }
          ],
          "suites": [],
          "passes": [
            "58ca7f06-04ab-4450-9407-af5a2faea9a8",
            "351b552f-3c39-40bc-a4ae-fc75d0548efb",
            "756b9472-84bf-440e-95fd-682b67636503",
            "25143eb9-646d-4089-bd12-e63c07b190f1"
          ],
          "failures": [],
          "pending": [],
          "skipped": [],
          "duration": 9374,
          "root": false,
          "rootEmpty": false,
          "_timeout": 2000
        }
      ],
      "passes": [],
      "failures": [],
      "pending": [],
      "skipped": [],
      "duration": 0,
      "root": true,
      "rootEmpty": true,
      "_timeout": 2000
    },
    {
      "uuid": "5ee4e5c7-23d5-4d6b-b19a-4d7d6663e0ea",
      "title": "",
      "fullFile": "cypress\\integration\\automation-test-store\\variables-and-cy-commands.js",
      "file": "cypress\\integration\\automation-test-store\\variables-and-cy-commands.js",
      "beforeHooks": [],
      "afterHooks": [],
      "tests": [],
      "suites": [
        {
          "uuid": "ab6e0ea3-d8c5-460f-9e4a-e1714823af5a",
          "title": "Verifying variables, cypress commands and jquery commands",
          "fullFile": "",
          "file": "",
          "beforeHooks": [],
          "afterHooks": [],
          "tests": [
            {
              "title": "Validate properties of the Contact Us Page",
              "fullTitle": "Verifying variables, cypress commands and jquery commands Validate properties of the Contact Us Page",
              "timedOut": null,
              "duration": 1690,
              "state": "passed",
              "speed": "slow",
              "pass": true,
              "fail": false,
              "pending": false,
              "context": null,
              "code": "cy.visit(\"https://automationteststore.com/index.php?rt=content/contact\"); //Uses cypress commands and chaining\ncy.contains('#ContactUsFrm', 'Contact Us Form').find('#field_11').should('contain', 'First name'); //JQuery Approach\ncy.contains('#ContactUsFrm', 'Contact Us Form').then(function (text) {\n  var firstNameText = text.find('#field_11').text();\n  expect(firstNameText).to.contain('First name'); //Embedded commands (Closure)\n  cy.get('#field_11').then(function (fnText) {\n    cy.log(fnText.text());\n    cy.log(fnText);\n  });\n});",
              "err": {},
              "uuid": "c975b530-353e-4348-ac4d-d8fb0abaf199",
              "parentUUID": "ab6e0ea3-d8c5-460f-9e4a-e1714823af5a",
              "isHook": false,
              "skipped": false
            }
          ],
          "suites": [],
          "passes": [
            "c975b530-353e-4348-ac4d-d8fb0abaf199"
          ],
          "failures": [],
          "pending": [],
          "skipped": [],
          "duration": 1690,
          "root": false,
          "rootEmpty": false,
          "_timeout": 2000
        }
      ],
      "passes": [],
      "failures": [],
      "pending": [],
      "skipped": [],
      "duration": 0,
      "root": true,
      "rootEmpty": true,
      "_timeout": 2000
    },
    {
      "uuid": "a31d2df9-be52-48c8-b82b-468d29a71ab8",
      "title": "",
      "fullFile": "cypress\\integration\\webdriver-uni\\autocomplete-dropdown-list.js",
      "file": "cypress\\integration\\webdriver-uni\\autocomplete-dropdown-list.js",
      "beforeHooks": [],
      "afterHooks": [],
      "tests": [],
      "suites": [
        {
          "uuid": "b51150fb-2ee6-456e-8a7e-a50b20cbbe91",
          "title": "Verify Autocomplete dropwdown lists via webdriveruni",
          "fullFile": "",
          "file": "",
          "beforeHooks": [],
          "afterHooks": [],
          "tests": [
            {
              "title": "Select specific product via autocomplete list",
              "fullTitle": "Verify Autocomplete dropwdown lists via webdriveruni Select specific product via autocomplete list",
              "timedOut": null,
              "duration": 2542,
              "state": "passed",
              "speed": "slow",
              "pass": true,
              "fail": false,
              "pending": false,
              "context": null,
              "code": "cy.visit(\"/\");\ncy.get(\"#autocomplete-textfield\").invoke(\"removeAttr\", \"target\").click({\n  force: true\n});\ncy.get(\"#myInput\").type(\"A\");\ncy.get(\"#myInputautocomplete-list > *\").each(function ($el, index, $list) {\n  var prod = $el.text();\n  var productToSelect = \"Avacado\";\n  if (prod === productToSelect) {\n    $el.click();\n    cy.get(\"#submit-button\").click();\n    cy.url().should(\"include\", productToSelect);\n  }\n}).then(function () {\n  cy.get(\"#myInput\").type(\"g\");\n  cy.get(\"#myInputautocomplete-list > *\").each(function ($el, index, $list) {\n    var prod = $el.text();\n    var productToSelect = \"Grapes\";\n    if (prod === productToSelect) {\n      $el.click();\n      cy.get(\"#submit-button\").click();\n      cy.url().should(\"include\", productToSelect);\n    }\n  });\n});",
              "err": {},
              "uuid": "46650ce0-33b7-46eb-9224-f5ae82149db6",
              "parentUUID": "b51150fb-2ee6-456e-8a7e-a50b20cbbe91",
              "isHook": false,
              "skipped": false
            }
          ],
          "suites": [],
          "passes": [
            "46650ce0-33b7-46eb-9224-f5ae82149db6"
          ],
          "failures": [],
          "pending": [],
          "skipped": [],
          "duration": 2542,
          "root": false,
          "rootEmpty": false,
          "_timeout": 2000
        }
      ],
      "passes": [],
      "failures": [],
      "pending": [],
      "skipped": [],
      "duration": 0,
      "root": true,
      "rootEmpty": true,
      "_timeout": 2000
    },
    {
      "uuid": "e36e9908-2045-4e75-bb2d-cc6e196569ed",
      "title": "",
      "fullFile": "cypress\\integration\\webdriver-uni\\checkboxes.js",
      "file": "cypress\\integration\\webdriver-uni\\checkboxes.js",
      "beforeHooks": [],
      "afterHooks": [],
      "tests": [],
      "suites": [
        {
          "uuid": "c9d524b1-ed1f-4a71-a0c2-5d879633e1c7",
          "title": "Verify checkboxes via webdriveruni",
          "fullFile": "",
          "file": "",
          "beforeHooks": [],
          "afterHooks": [],
          "tests": [
            {
              "title": "Check and validate checkbox",
              "fullTitle": "Verify checkboxes via webdriveruni Check and validate checkbox",
              "timedOut": null,
              "duration": 689,
              "state": "passed",
              "speed": "slow",
              "pass": true,
              "fail": false,
              "pending": false,
              "context": null,
              "code": "//cy.get('#checkboxes > :nth-child(1) > input').check()\n//cy.get('#checkboxes > :nth-child(1) > input').check().should('be.checked')\ncy.get('#checkboxes > :nth-child(1) > input').as('option-1'); //cy.get('@option-1').check();\ncy.get('@option-1').check().should('be.checked');",
              "err": {},
              "uuid": "deff237c-ef22-4639-9f52-d8363a87bc26",
              "parentUUID": "c9d524b1-ed1f-4a71-a0c2-5d879633e1c7",
              "isHook": false,
              "skipped": false
            },
            {
              "title": "Uncheck and validate checkbox",
              "fullTitle": "Verify checkboxes via webdriveruni Uncheck and validate checkbox",
              "timedOut": null,
              "duration": 322,
              "state": "passed",
              "speed": "slow",
              "pass": true,
              "fail": false,
              "pending": false,
              "context": null,
              "code": "cy.get(':nth-child(5) > input').as('option-3');\ncy.get('@option-3').uncheck().should('not.be.checked');",
              "err": {},
              "uuid": "879a7d93-6c21-4a25-877e-603432c0a4d4",
              "parentUUID": "c9d524b1-ed1f-4a71-a0c2-5d879633e1c7",
              "isHook": false,
              "skipped": false
            },
            {
              "title": "Check mutiple checkboxes",
              "fullTitle": "Verify checkboxes via webdriveruni Check mutiple checkboxes",
              "timedOut": null,
              "duration": 566,
              "state": "passed",
              "speed": "slow",
              "pass": true,
              "fail": false,
              "pending": false,
              "context": null,
              "code": "cy.get(\"input[type='checkbox']\").check([\"option-1\", \"option-2\", \"option-3\", \"option-4\"]).should('be.checked');",
              "err": {},
              "uuid": "9eef86c5-ef25-490a-9cd7-bd0c6d17e3f8",
              "parentUUID": "c9d524b1-ed1f-4a71-a0c2-5d879633e1c7",
              "isHook": false,
              "skipped": false
            }
          ],
          "suites": [],
          "passes": [
            "deff237c-ef22-4639-9f52-d8363a87bc26",
            "879a7d93-6c21-4a25-877e-603432c0a4d4",
            "9eef86c5-ef25-490a-9cd7-bd0c6d17e3f8"
          ],
          "failures": [],
          "pending": [],
          "skipped": [],
          "duration": 1577,
          "root": false,
          "rootEmpty": false,
          "_timeout": 2000
        }
      ],
      "passes": [],
      "failures": [],
      "pending": [],
      "skipped": [],
      "duration": 0,
      "root": true,
      "rootEmpty": true,
      "_timeout": 2000
    },
    {
      "uuid": "f4645092-de0a-471b-9a96-a1e34087a582",
      "title": "",
      "fullFile": "cypress\\integration\\webdriver-uni\\contact-us.js",
      "file": "cypress\\integration\\webdriver-uni\\contact-us.js",
      "beforeHooks": [],
      "afterHooks": [],
      "tests": [],
      "suites": [
        {
          "uuid": "cd879998-f82f-4f48-977d-aa298fc55f91",
          "title": "Test Contact Us form via WebdriverUni",
          "fullFile": "",
          "file": "",
          "beforeHooks": [],
          "afterHooks": [],
          "tests": [
            {
              "title": "Should be able to submit a successful submission via contact us form",
              "fullTitle": "Test Contact Us form via WebdriverUni Should be able to submit a successful submission via contact us form",
              "timedOut": null,
              "duration": 8849,
              "state": "passed",
              "speed": "slow",
              "pass": true,
              "fail": false,
              "pending": false,
              "context": null,
              "code": "cy.document().should(\"have.property\", \"charset\").and(\"eq\", \"UTF-8\");\ncy.title().should(\"include\", \"WebDriver | Contact Us\");\ncy.url().should(\"include\", \"contactus\");\ncontact_Us_PO.contactForm_Submission(Cypress.env(\"first_name\"), data.last_name, data.email, \"How can I learn Cypress?\", \"h1\", \"Thank You for your Message!\");",
              "err": {},
              "uuid": "f323d275-59a0-4315-991e-be49187a45dc",
              "parentUUID": "cd879998-f82f-4f48-977d-aa298fc55f91",
              "isHook": false,
              "skipped": false
            },
            {
              "title": "Should not be able to submit a successful submission via contact us form as all fields are required",
              "fullTitle": "Test Contact Us form via WebdriverUni Should not be able to submit a successful submission via contact us form as all fields are required",
              "timedOut": null,
              "duration": 7138,
              "state": "passed",
              "speed": "slow",
              "pass": true,
              "fail": false,
              "pending": false,
              "context": null,
              "code": "contact_Us_PO.contactForm_Submission(data.first_name, data.last_name, \" \", \"How can I learn Cypress?\", \"body\", \"Error: Invalid email address\");",
              "err": {},
              "uuid": "31dbc8ee-71ef-483d-88b6-6fc889edaef6",
              "parentUUID": "cd879998-f82f-4f48-977d-aa298fc55f91",
              "isHook": false,
              "skipped": false
            }
          ],
          "suites": [],
          "passes": [
            "f323d275-59a0-4315-991e-be49187a45dc",
            "31dbc8ee-71ef-483d-88b6-6fc889edaef6"
          ],
          "failures": [],
          "pending": [],
          "skipped": [],
          "duration": 15987,
          "root": false,
          "rootEmpty": false,
          "_timeout": 2000
        }
      ],
      "passes": [],
      "failures": [],
      "pending": [],
      "skipped": [],
      "duration": 0,
      "root": true,
      "rootEmpty": true,
      "_timeout": 2000
    },
    {
      "uuid": "5730a54a-1317-4d7f-8896-c94e636bcbc4",
      "title": "",
      "fullFile": "cypress\\integration\\webdriver-uni\\data-tables.js",
      "file": "cypress\\integration\\webdriver-uni\\data-tables.js",
      "beforeHooks": [],
      "afterHooks": [],
      "tests": [],
      "suites": [
        {
          "uuid": "9e04c794-9f9f-4675-9b57-ff490cb9829b",
          "title": "Handling data via webdriveruni",
          "fullFile": "",
          "file": "",
          "beforeHooks": [],
          "afterHooks": [],
          "tests": [
            {
              "title": "Calculate and assert the total age of all users",
              "fullTitle": "Handling data via webdriveruni Calculate and assert the total age of all users",
              "timedOut": null,
              "duration": 1055,
              "state": "passed",
              "speed": "slow",
              "pass": true,
              "fail": false,
              "pending": false,
              "context": null,
              "code": "var userDetails = [];\nvar numb = 0;\ncy.get(\"#thumbnail-1 td\").each(function ($el, index, $list) {\n  userDetails[index] = $el.text();\n}).then(function () {\n  var i;\n  for (i = 0; i < userDetails.length; i++) {\n    if (Number(userDetails[i])) {\n      numb += Number(userDetails[i]);\n    } //cy.log(userDetails[i])\n  }\n  cy.log(\"Found total age: \" + numb);\n  expect(numb).to.eq(322);\n});",
              "err": {},
              "uuid": "91944837-b2c0-4d47-bd3e-cb68e2977fa7",
              "parentUUID": "9e04c794-9f9f-4675-9b57-ff490cb9829b",
              "isHook": false,
              "skipped": false
            },
            {
              "title": "Calculate and assert the age of a given user based on last name",
              "fullTitle": "Handling data via webdriveruni Calculate and assert the age of a given user based on last name",
              "timedOut": null,
              "duration": 677,
              "state": "passed",
              "speed": "slow",
              "pass": true,
              "fail": false,
              "pending": false,
              "context": null,
              "code": "cy.get(\"#thumbnail-1 tr td:nth-child(2)\").each(function ($el, index, $list) {\n  var text = $el.text();\n  if (text.includes(\"Woods\")) {\n    cy.get(\"#thumbnail-1 tr td:nth-child(2)\").eq(index).next().then(function (age) {\n      var userAge = age.text();\n      expect(userAge).to.equal(\"80\");\n    });\n  }\n});",
              "err": {},
              "uuid": "1ee6d863-885b-42cf-947a-d21260115a70",
              "parentUUID": "9e04c794-9f9f-4675-9b57-ff490cb9829b",
              "isHook": false,
              "skipped": false
            }
          ],
          "suites": [],
          "passes": [
            "91944837-b2c0-4d47-bd3e-cb68e2977fa7",
            "1ee6d863-885b-42cf-947a-d21260115a70"
          ],
          "failures": [],
          "pending": [],
          "skipped": [],
          "duration": 1732,
          "root": false,
          "rootEmpty": false,
          "_timeout": 2000
        }
      ],
      "passes": [],
      "failures": [],
      "pending": [],
      "skipped": [],
      "duration": 0,
      "root": true,
      "rootEmpty": true,
      "_timeout": 2000
    },
    {
      "uuid": "9653366e-06cc-47c7-aaeb-3c843562a426",
      "title": "",
      "fullFile": "cypress\\integration\\webdriver-uni\\datepicker.js",
      "file": "cypress\\integration\\webdriver-uni\\datepicker.js",
      "beforeHooks": [],
      "afterHooks": [],
      "tests": [],
      "suites": [
        {
          "uuid": "879777fc-b792-4df2-93ed-b0cf7f56372f",
          "title": "Test Datepicker via webdriveruni",
          "fullFile": "",
          "file": "",
          "beforeHooks": [],
          "afterHooks": [],
          "tests": [
            {
              "title": "Select date from the datepicker",
              "fullTitle": "Test Datepicker via webdriveruni Select date from the datepicker",
              "timedOut": null,
              "duration": 1415,
              "state": "passed",
              "speed": "slow",
              "pass": true,
              "fail": false,
              "pending": false,
              "context": null,
              "code": "cy.visit(\"/\");\ncy.get('#datepicker').invoke('removeAttr', 'target').click({\n  force: true\n});\ncy.get('#datepicker').click(); // let date = new Date();\n// date.setDate(date.getDate())\n// cy.log(date.getDate()) //get current day i.e. 22\n// let date2 = new Date();\n// date2.setDate(date.getDate() + 5)\n// cy.log(date2.getDate()) //get current day i.e. 22 + 5 = 27\nvar date = new Date();\ndate.setDate(date.getDate() + 4);\nvar futureYear = date.getFullYear();\nvar futureMonth = date.toLocaleString(\"default\", {\n  month: \"long\"\n});\nvar futureDay = date.getDate();\ncy.log(\"Future year to select: \" + futureYear);\ncy.log(\"Future month to select: \" + futureMonth);\ncy.log(\"Future day to select: \" + futureDay);\n/*\n        function selectMonthAndYear() {\n            cy.get('.datepicker-dropdown').find('.datepicker-switch').first().then(currentDate => {\n                if (!currentDate.text().includes(futureYear)) {\n                    cy.get('.next').first().click();\n                    selectMonthAndYear();\n                }\n            }).then(() => {\n                cy.get('.datepicker-dropdown').find('.datepicker-switch').first().then(currentDate => {\n                    if (!currentDate.text().includes(futureMonth)) {\n                        cy.get('.next').first().click();\n                        selectMonthAndYear();\n                    }\n                })\n            })\n        }\n\n        function selectFutureDay() {\n            cy.get('[class=\"day\"]').contains(futureDay).click();\n        }\n\n        selectMonthAndYear();\n        selectFutureDay();*/",
              "err": {},
              "uuid": "fecccb4d-314a-45c6-9e19-f4aded6540e3",
              "parentUUID": "879777fc-b792-4df2-93ed-b0cf7f56372f",
              "isHook": false,
              "skipped": false
            }
          ],
          "suites": [],
          "passes": [
            "fecccb4d-314a-45c6-9e19-f4aded6540e3"
          ],
          "failures": [],
          "pending": [],
          "skipped": [],
          "duration": 1415,
          "root": false,
          "rootEmpty": false,
          "_timeout": 2000
        }
      ],
      "passes": [],
      "failures": [],
      "pending": [],
      "skipped": [],
      "duration": 0,
      "root": true,
      "rootEmpty": true,
      "_timeout": 2000
    },
    {
      "uuid": "45d429be-d3a1-4a31-80c9-b7f104fc4265",
      "title": "",
      "fullFile": "cypress\\integration\\webdriver-uni\\file-upload.js",
      "file": "cypress\\integration\\webdriver-uni\\file-upload.js",
      "beforeHooks": [],
      "afterHooks": [],
      "tests": [],
      "suites": [
        {
          "uuid": "ee9fad50-3ac0-4c6b-b57e-330ccaca3df6",
          "title": "Test File Upload via webdriveruni",
          "fullFile": "",
          "file": "",
          "beforeHooks": [],
          "afterHooks": [],
          "tests": [
            {
              "title": "Upload a file....",
              "fullTitle": "Test File Upload via webdriveruni Upload a file....",
              "timedOut": null,
              "duration": 1093,
              "state": "passed",
              "speed": "slow",
              "pass": true,
              "fail": false,
              "pending": false,
              "context": null,
              "code": "cy.visit(\"/\");\ncy.get(\"#file-upload\").invoke(\"removeAttr\", \"target\").click({\n  force: true\n});\ncy.fixture(\"laptop.png\", \"base64\").then(function (fileContent) {\n  cy.get(\"#myFile\").attachFile({\n    fileContent: fileContent,\n    fileName: \"laptop.png\",\n    mimeType: \"image/png\"\n  }, {\n    uploadType: \"input\"\n  });\n});\ncy.get(\"#submit-button\").click();",
              "err": {},
              "uuid": "251c6479-3e94-4e05-8a01-ee9a2acb420f",
              "parentUUID": "ee9fad50-3ac0-4c6b-b57e-330ccaca3df6",
              "isHook": false,
              "skipped": false
            },
            {
              "title": "Upload no file....",
              "fullTitle": "Test File Upload via webdriveruni Upload no file....",
              "timedOut": null,
              "duration": 634,
              "state": "passed",
              "speed": "slow",
              "pass": true,
              "fail": false,
              "pending": false,
              "context": null,
              "code": "cy.visit(\"/\");\ncy.get(\"#file-upload\").invoke(\"removeAttr\", \"target\").click({\n  force: true\n});\ncy.get(\"#submit-button\").click();",
              "err": {},
              "uuid": "9b3a6a58-4900-485a-9eda-51b3f1f5f03d",
              "parentUUID": "ee9fad50-3ac0-4c6b-b57e-330ccaca3df6",
              "isHook": false,
              "skipped": false
            }
          ],
          "suites": [],
          "passes": [
            "251c6479-3e94-4e05-8a01-ee9a2acb420f",
            "9b3a6a58-4900-485a-9eda-51b3f1f5f03d"
          ],
          "failures": [],
          "pending": [],
          "skipped": [],
          "duration": 1727,
          "root": false,
          "rootEmpty": false,
          "_timeout": 2000
        }
      ],
      "passes": [],
      "failures": [],
      "pending": [],
      "skipped": [],
      "duration": 0,
      "root": true,
      "rootEmpty": true,
      "_timeout": 2000
    },
    {
      "uuid": "f744def8-5ac6-4d7a-b435-412ba2a038d0",
      "title": "",
      "fullFile": "cypress\\integration\\webdriver-uni\\hooks.js",
      "file": "cypress\\integration\\webdriver-uni\\hooks.js",
      "beforeHooks": [],
      "afterHooks": [],
      "tests": [],
      "suites": [
        {
          "uuid": "bace1dc1-f46b-4c28-a3d0-81b646601395",
          "title": "Hooks",
          "fullFile": "",
          "file": "",
          "beforeHooks": [],
          "afterHooks": [],
          "tests": [
            {
              "title": "Example test1",
              "fullTitle": "Hooks Example test1",
              "timedOut": null,
              "duration": 51,
              "state": "passed",
              "speed": "medium",
              "pass": true,
              "fail": false,
              "pending": false,
              "context": null,
              "code": "cy.log(\"Example test1!\");",
              "err": {},
              "uuid": "720cc2e8-a280-4190-a313-01ad823a9a66",
              "parentUUID": "bace1dc1-f46b-4c28-a3d0-81b646601395",
              "isHook": false,
              "skipped": false
            },
            {
              "title": "Example test2",
              "fullTitle": "Hooks Example test2",
              "timedOut": null,
              "duration": 23,
              "state": "passed",
              "speed": "fast",
              "pass": true,
              "fail": false,
              "pending": false,
              "context": null,
              "code": "cy.log(\"Example test2!\");",
              "err": {},
              "uuid": "4e9683e6-a147-4822-870c-c8054b9fdda4",
              "parentUUID": "bace1dc1-f46b-4c28-a3d0-81b646601395",
              "isHook": false,
              "skipped": false
            }
          ],
          "suites": [],
          "passes": [
            "720cc2e8-a280-4190-a313-01ad823a9a66",
            "4e9683e6-a147-4822-870c-c8054b9fdda4"
          ],
          "failures": [],
          "pending": [],
          "skipped": [],
          "duration": 74,
          "root": false,
          "rootEmpty": false,
          "_timeout": 2000
        }
      ],
      "passes": [],
      "failures": [],
      "pending": [],
      "skipped": [],
      "duration": 0,
      "root": true,
      "rootEmpty": true,
      "_timeout": 2000
    },
    {
      "uuid": "93cab7cc-1dad-4163-a3f4-ba2b55e22458",
      "title": "",
      "fullFile": "cypress\\integration\\webdriver-uni\\iframe.js",
      "file": "cypress\\integration\\webdriver-uni\\iframe.js",
      "beforeHooks": [],
      "afterHooks": [],
      "tests": [],
      "suites": [
        {
          "uuid": "397bd405-66a6-44f3-a4b5-1f03daf82ec3",
          "title": "Handling IFrame & Modals",
          "fullFile": "",
          "file": "",
          "beforeHooks": [],
          "afterHooks": [],
          "tests": [
            {
              "title": "Handle webdriveruni iframe and modal",
              "fullTitle": "Handling IFrame & Modals Handle webdriveruni iframe and modal",
              "timedOut": null,
              "duration": 1902,
              "state": "passed",
              "speed": "slow",
              "pass": true,
              "fail": false,
              "pending": false,
              "context": null,
              "code": "cy.visit(\"/\");\ncy.get(\"#iframe\").invoke(\"removeAttr\", \"target\").click({\n  force: true\n});\ncy.get(\"#frame\").then(function ($iframe) {\n  var body = $iframe.contents().find(\"body\");\n  cy.wrap(body).as(\"iframe\");\n});\ncy.get(\"@iframe\").find(\"#button-find-out-more\").click();\ncy.get(\"@iframe\").find(\"#myModal\").as(\"modal\");\ncy.get(\"@modal\").should(function ($expectedText) {\n  var text = $expectedText.text();\n  expect(text).to.include(\"Welcome to webdriveruniversity.com we sell a wide range of electrical goods\");\n});\ncy.get(\"@modal\").contains(\"Close\").click();",
              "err": {},
              "uuid": "72ed519a-8ede-44e3-8b7b-00a7cf5eaf4d",
              "parentUUID": "397bd405-66a6-44f3-a4b5-1f03daf82ec3",
              "isHook": false,
              "skipped": false
            }
          ],
          "suites": [],
          "passes": [
            "72ed519a-8ede-44e3-8b7b-00a7cf5eaf4d"
          ],
          "failures": [],
          "pending": [],
          "skipped": [],
          "duration": 1902,
          "root": false,
          "rootEmpty": false,
          "_timeout": 2000
        }
      ],
      "passes": [],
      "failures": [],
      "pending": [],
      "skipped": [],
      "duration": 0,
      "root": true,
      "rootEmpty": true,
      "_timeout": 2000
    },
    {
      "uuid": "89508059-29d9-49e1-9da0-92b94e1ee7c5",
      "title": "",
      "fullFile": "cypress\\integration\\webdriver-uni\\js-alerts.js",
      "file": "cypress\\integration\\webdriver-uni\\js-alerts.js",
      "beforeHooks": [],
      "afterHooks": [],
      "tests": [],
      "suites": [
        {
          "uuid": "978de226-55d8-4a30-8ebf-42b53982009e",
          "title": "Handle js alerts",
          "fullFile": "",
          "file": "",
          "beforeHooks": [],
          "afterHooks": [],
          "tests": [
            {
              "title": "Confirm js alert contains the correct text",
              "fullTitle": "Handle js alerts Confirm js alert contains the correct text",
              "timedOut": null,
              "duration": 943,
              "state": "passed",
              "speed": "slow",
              "pass": true,
              "fail": false,
              "pending": false,
              "context": null,
              "code": "//cy.visit(\"http://www.webdriveruniversity.com/Contact-Us/contactus.html\");\ncy.visit(\"/\");\ncy.get(\"#popup-alerts\").invoke(\"removeAttr\", \"target\").click({\n  force: true\n});\ncy.get(\"#button1\").click();\ncy.on(\"window:alert\", function (str) {\n  expect(str).to.equal(\"I am an alert box!\");\n});",
              "err": {},
              "uuid": "5610d1fc-a732-4b14-93cf-bebb47c8a0a7",
              "parentUUID": "978de226-55d8-4a30-8ebf-42b53982009e",
              "isHook": false,
              "skipped": false
            },
            {
              "title": "Validate js confirm alert box works correctly when clicking ok",
              "fullTitle": "Handle js alerts Validate js confirm alert box works correctly when clicking ok",
              "timedOut": null,
              "duration": 611,
              "state": "passed",
              "speed": "slow",
              "pass": true,
              "fail": false,
              "pending": false,
              "context": null,
              "code": "//cy.visit(\"http://www.webdriveruniversity.com/Contact-Us/contactus.html\");\ncy.visit(\"/\");\ncy.get(\"#popup-alerts\").invoke(\"removeAttr\", \"target\").click({\n  force: true\n});\ncy.get(\"#button4\").click();\ncy.on(\"window:confirm\", function (str) {\n  return true;\n});\ncy.get(\"#confirm-alert-text\").contains(\"You pressed OK!\");",
              "err": {},
              "uuid": "c9f79671-bcaf-4034-a3a8-3d94e8927a19",
              "parentUUID": "978de226-55d8-4a30-8ebf-42b53982009e",
              "isHook": false,
              "skipped": false
            },
            {
              "title": "Validate js confirm alert box works correctly when clicking cancel",
              "fullTitle": "Handle js alerts Validate js confirm alert box works correctly when clicking cancel",
              "timedOut": null,
              "duration": 645,
              "state": "passed",
              "speed": "slow",
              "pass": true,
              "fail": false,
              "pending": false,
              "context": null,
              "code": "//cy.visit(\"http://www.webdriveruniversity.com/Contact-Us/contactus.html\");\ncy.visit(\"/\");\ncy.get(\"#popup-alerts\").invoke(\"removeAttr\", \"target\").click({\n  force: true\n});\ncy.get(\"#button4\").click();\ncy.on(\"window:confirm\", function (str) {\n  return false;\n});\ncy.get(\"#confirm-alert-text\").contains(\"You pressed Cancel!\");",
              "err": {},
              "uuid": "41be26fa-6e75-4b00-a110-9b26493b6e96",
              "parentUUID": "978de226-55d8-4a30-8ebf-42b53982009e",
              "isHook": false,
              "skipped": false
            },
            {
              "title": "Validate js confirm alert box using a stub",
              "fullTitle": "Handle js alerts Validate js confirm alert box using a stub",
              "timedOut": null,
              "duration": 566,
              "state": "passed",
              "speed": "slow",
              "pass": true,
              "fail": false,
              "pending": false,
              "context": null,
              "code": "//cy.visit(\"http://www.webdriveruniversity.com/Contact-Us/contactus.html\");\ncy.visit(\"/\");\ncy.get(\"#popup-alerts\").invoke(\"removeAttr\", \"target\").click({\n  force: true\n});\nvar stub = cy.stub();\ncy.on(\"window:confirm\", stub);\ncy.get(\"#button4\").click().then(function () {\n  expect(stub.getCall(0)).to.be.calledWith(\"Press a button!\");\n}).then(function () {\n  return true;\n}).then(function () {\n  cy.get(\"#confirm-alert-text\").contains(\"You pressed OK!\");\n});",
              "err": {},
              "uuid": "ccecc0c3-bd10-4508-94b1-5a13cf32dbec",
              "parentUUID": "978de226-55d8-4a30-8ebf-42b53982009e",
              "isHook": false,
              "skipped": false
            }
          ],
          "suites": [],
          "passes": [
            "5610d1fc-a732-4b14-93cf-bebb47c8a0a7",
            "c9f79671-bcaf-4034-a3a8-3d94e8927a19",
            "41be26fa-6e75-4b00-a110-9b26493b6e96",
            "ccecc0c3-bd10-4508-94b1-5a13cf32dbec"
          ],
          "failures": [],
          "pending": [],
          "skipped": [],
          "duration": 2765,
          "root": false,
          "rootEmpty": false,
          "_timeout": 2000
        }
      ],
      "passes": [],
      "failures": [],
      "pending": [],
      "skipped": [],
      "duration": 0,
      "root": true,
      "rootEmpty": true,
      "_timeout": 2000
    },
    {
      "uuid": "45d53a7b-5059-426a-abd1-0ca98603cd7d",
      "title": "",
      "fullFile": "cypress\\integration\\webdriver-uni\\mouse-actions.js",
      "file": "cypress\\integration\\webdriver-uni\\mouse-actions.js",
      "beforeHooks": [],
      "afterHooks": [],
      "tests": [],
      "suites": [
        {
          "uuid": "5fb98b3e-2774-4556-befb-a1196d755041",
          "title": "Test mouse actions",
          "fullFile": "",
          "file": "",
          "beforeHooks": [],
          "afterHooks": [],
          "tests": [
            {
              "title": "Scroll element into view",
              "fullTitle": "Test mouse actions Scroll element into view",
              "timedOut": null,
              "duration": 1402,
              "state": "passed",
              "speed": "slow",
              "pass": true,
              "fail": false,
              "pending": false,
              "context": null,
              "code": "cy.visit(\"/\");\ncy.get(\"#actions\").scrollIntoView().invoke(\"removeAttr\", \"target\").click({\n  force: true\n});",
              "err": {},
              "uuid": "3a4a18c4-9e47-4009-b8c8-8f3110390029",
              "parentUUID": "5fb98b3e-2774-4556-befb-a1196d755041",
              "isHook": false,
              "skipped": false
            },
            {
              "title": "I should be able to drag and drop a draggable item",
              "fullTitle": "Test mouse actions I should be able to drag and drop a draggable item",
              "timedOut": null,
              "duration": 592,
              "state": "passed",
              "speed": "slow",
              "pass": true,
              "fail": false,
              "pending": false,
              "context": null,
              "code": "cy.visit(\"/\");\ncy.get(\"#actions\").scrollIntoView().invoke(\"removeAttr\", \"target\").click({\n  force: true\n});\ncy.get(\"#draggable\").trigger(\"mousedown\", {\n  which: 1\n});\ncy.get(\"#droppable\").trigger(\"mousemove\").trigger(\"mouseup\", {\n  force: true\n});",
              "err": {},
              "uuid": "57a20bf4-743c-4280-a486-32103e15ae7e",
              "parentUUID": "5fb98b3e-2774-4556-befb-a1196d755041",
              "isHook": false,
              "skipped": false
            },
            {
              "title": "I should be able to perform a double mouse click",
              "fullTitle": "Test mouse actions I should be able to perform a double mouse click",
              "timedOut": null,
              "duration": 832,
              "state": "passed",
              "speed": "slow",
              "pass": true,
              "fail": false,
              "pending": false,
              "context": null,
              "code": "cy.visit(\"/\");\ncy.get(\"#actions\").scrollIntoView().invoke(\"removeAttr\", \"target\").click({\n  force: true\n});\ncy.get(\"#double-click\").dblclick();",
              "err": {},
              "uuid": "521e90fa-35a9-4390-95ae-1e227c1053c0",
              "parentUUID": "5fb98b3e-2774-4556-befb-a1196d755041",
              "isHook": false,
              "skipped": false
            },
            {
              "title": "I should be able hold down the left mouse click button on a given element",
              "fullTitle": "Test mouse actions I should be able hold down the left mouse click button on a given element",
              "timedOut": null,
              "duration": 600,
              "state": "passed",
              "speed": "slow",
              "pass": true,
              "fail": false,
              "pending": false,
              "context": null,
              "code": "cy.visit(\"/\");\ncy.get(\"#actions\").scrollIntoView().invoke(\"removeAttr\", \"target\").click({\n  force: true\n});\ncy.get(\"#click-box\").trigger(\"mousedown\", {\n  which: 1\n}).then(function ($element) {\n  expect($element).to.have.css(\"background-color\", \"rgb(0, 255, 0)\");\n});",
              "err": {},
              "uuid": "9b9e94c5-1bba-48a3-afad-92291bdceb64",
              "parentUUID": "5fb98b3e-2774-4556-befb-a1196d755041",
              "isHook": false,
              "skipped": false
            }
          ],
          "suites": [],
          "passes": [
            "3a4a18c4-9e47-4009-b8c8-8f3110390029",
            "57a20bf4-743c-4280-a486-32103e15ae7e",
            "521e90fa-35a9-4390-95ae-1e227c1053c0",
            "9b9e94c5-1bba-48a3-afad-92291bdceb64"
          ],
          "failures": [],
          "pending": [],
          "skipped": [],
          "duration": 3426,
          "root": false,
          "rootEmpty": false,
          "_timeout": 2000
        }
      ],
      "passes": [],
      "failures": [],
      "pending": [],
      "skipped": [],
      "duration": 0,
      "root": true,
      "rootEmpty": true,
      "_timeout": 2000
    },
    {
      "uuid": "e181cb56-9c12-4e76-97f4-6fad25fc2416",
      "title": "",
      "fullFile": "cypress\\integration\\webdriver-uni\\radio-buttons.js",
      "file": "cypress\\integration\\webdriver-uni\\radio-buttons.js",
      "beforeHooks": [],
      "afterHooks": [],
      "tests": [],
      "suites": [
        {
          "uuid": "d6e67155-63e2-4f64-95d6-353e2d243aca",
          "title": "Verify radio buttons via webdriveruni",
          "fullFile": "",
          "file": "",
          "beforeHooks": [],
          "afterHooks": [],
          "tests": [
            {
              "title": "Check specific radio buttons",
              "fullTitle": "Verify radio buttons via webdriveruni Check specific radio buttons",
              "timedOut": null,
              "duration": 953,
              "state": "passed",
              "speed": "slow",
              "pass": true,
              "fail": false,
              "pending": false,
              "context": null,
              "code": "cy.get('#radio-buttons').find(\"[type='radio']\").first().check();\ncy.get('#radio-buttons').find(\"[type='radio']\").eq(1).check();",
              "err": {},
              "uuid": "b0ebefbe-c881-4836-873b-627e46aff778",
              "parentUUID": "d6e67155-63e2-4f64-95d6-353e2d243aca",
              "isHook": false,
              "skipped": false
            },
            {
              "title": "Validate the states of specific radio buttons",
              "fullTitle": "Verify radio buttons via webdriveruni Validate the states of specific radio buttons",
              "timedOut": null,
              "duration": 255,
              "state": "passed",
              "speed": "slow",
              "pass": true,
              "fail": false,
              "pending": false,
              "context": null,
              "code": "cy.get(\"[value='lettuce']\").should('not.be.checked');\ncy.get(\"[value='pumpkin']\").should('be.checked');\ncy.get(\"[value='lettuce']\").check();\ncy.get(\"[value='lettuce']\").should('be.checked');\ncy.get(\"[value='pumpkin']\").should('not.be.checked');\ncy.get(\"[value='cabbage']\").should('be.disabled');",
              "err": {},
              "uuid": "14b14278-be9b-4109-8811-b53536ba7905",
              "parentUUID": "d6e67155-63e2-4f64-95d6-353e2d243aca",
              "isHook": false,
              "skipped": false
            }
          ],
          "suites": [],
          "passes": [
            "b0ebefbe-c881-4836-873b-627e46aff778",
            "14b14278-be9b-4109-8811-b53536ba7905"
          ],
          "failures": [],
          "pending": [],
          "skipped": [],
          "duration": 1208,
          "root": false,
          "rootEmpty": false,
          "_timeout": 2000
        }
      ],
      "passes": [],
      "failures": [],
      "pending": [],
      "skipped": [],
      "duration": 0,
      "root": true,
      "rootEmpty": true,
      "_timeout": 2000
    },
    {
      "uuid": "9abc09c5-0929-4d62-95d7-66e274a443bc",
      "title": "",
      "fullFile": "cypress\\integration\\webdriver-uni\\select-dropdown-list.js",
      "file": "cypress\\integration\\webdriver-uni\\select-dropdown-list.js",
      "beforeHooks": [],
      "afterHooks": [],
      "tests": [],
      "suites": [
        {
          "uuid": "c223d95d-9008-497d-9913-05d8b1e3f210",
          "title": "Interact with dropdown lists via webdriveruni",
          "fullFile": "",
          "file": "",
          "beforeHooks": [],
          "afterHooks": [],
          "tests": [
            {
              "title": "Select specific values via select dropdown lists",
              "fullTitle": "Interact with dropdown lists via webdriveruni Select specific values via select dropdown lists",
              "timedOut": null,
              "duration": 1784,
              "state": "passed",
              "speed": "slow",
              "pass": true,
              "fail": false,
              "pending": false,
              "context": null,
              "code": "cy.visit(\"/\");\ncy.get(\"#dropdown-checkboxes-radiobuttons\").invoke(\"removeAttr\", \"target\").click({\n  force: true\n});\ncy.get(\"#dropdowm-menu-1\").select(\"c#\");\ncy.get(\"#dropdowm-menu-2\").select(\"testng\").should(\"have.value\", \"testng\");\ncy.get(\"#dropdowm-menu-3\").select(\"JQuery\").contains(\"JQuery\");\ncy.get(\"#dropdowm-menu-2\").select(\"maven\").should(\"have.value\", \"maven\");\ncy.get(\"#dropdowm-menu-2\").select(\"TestNG\").contains(\"TestNG\");",
              "err": {},
              "uuid": "cae2ffe7-4a0f-450b-956d-d18faf2a3f07",
              "parentUUID": "c223d95d-9008-497d-9913-05d8b1e3f210",
              "isHook": false,
              "skipped": false
            }
          ],
          "suites": [],
          "passes": [
            "cae2ffe7-4a0f-450b-956d-d18faf2a3f07"
          ],
          "failures": [],
          "pending": [],
          "skipped": [],
          "duration": 1784,
          "root": false,
          "rootEmpty": false,
          "_timeout": 2000
        }
      ],
      "passes": [],
      "failures": [],
      "pending": [],
      "skipped": [],
      "duration": 0,
      "root": true,
      "rootEmpty": true,
      "_timeout": 2000
    },
    {
      "uuid": "dceebaee-6be9-4f54-9c35-ccaa18ae4b64",
      "title": "",
      "fullFile": "cypress\\integration\\webdriver-uni\\selectors.js",
      "file": "cypress\\integration\\webdriver-uni\\selectors.js",
      "beforeHooks": [],
      "afterHooks": [],
      "tests": [],
      "suites": [
        {
          "uuid": "4f9c9360-e51b-45e0-b5ea-2b30acc2cae1",
          "title": "Selector examples",
          "fullFile": "",
          "file": "",
          "beforeHooks": [],
          "afterHooks": [],
          "tests": [
            {
              "title": "Examples of Selectors via WebdriverUni Contact Us Page",
              "fullTitle": "Selector examples Examples of Selectors via WebdriverUni Contact Us Page",
              "timedOut": null,
              "duration": 586,
              "state": "passed",
              "speed": "slow",
              "pass": true,
              "fail": false,
              "pending": false,
              "context": null,
              "code": "cy.visit(\"http://www.webdriveruniversity.com/Contact-Us/contactus.html\"); //By tag name\ncy.get(\"input\"); //By attribute name and value\ncy.get(\"input[name='first_name']\"); //By id\ncy.get(\"#contact_me\"); //By class\ncy.get(\".feedback-input\"); //By multiple classes\ncy.get(\"[class='navbar navbar-inverse navbar-fixed-top']\"); //By two different attributes\ncy.get(\"[name='email'][placeholder='Email Address']\"); //By xpath\ncy.xpath(\"//input[@name='first_name']\");",
              "err": {},
              "uuid": "15a1ee45-ff80-485f-b7a1-33aa7cd74bec",
              "parentUUID": "4f9c9360-e51b-45e0-b5ea-2b30acc2cae1",
              "isHook": false,
              "skipped": false
            }
          ],
          "suites": [],
          "passes": [
            "15a1ee45-ff80-485f-b7a1-33aa7cd74bec"
          ],
          "failures": [],
          "pending": [],
          "skipped": [],
          "duration": 586,
          "root": false,
          "rootEmpty": false,
          "_timeout": 2000
        }
      ],
      "passes": [],
      "failures": [],
      "pending": [],
      "skipped": [],
      "duration": 0,
      "root": true,
      "rootEmpty": true,
      "_timeout": 2000
    },
    {
      "uuid": "74c29aa3-a6a2-4cba-bb7f-240fe05fcd76",
      "title": "",
      "fullFile": "cypress\\integration\\webdriver-uni\\traversing-elements.js",
      "file": "cypress\\integration\\webdriver-uni\\traversing-elements.js",
      "beforeHooks": [],
      "afterHooks": [],
      "tests": [],
      "suites": [
        {
          "uuid": "35bcf10a-c785-42d9-9b3f-b50ba08de26e",
          "title": "Traversing DOM elements in Cypress",
          "fullFile": "",
          "file": "",
          "beforeHooks": [],
          "afterHooks": [],
          "tests": [
            {
              "title": "children() to get the children of DOM elements",
              "fullTitle": "Traversing DOM elements in Cypress children() to get the children of DOM elements",
              "timedOut": null,
              "duration": 1106,
              "state": "passed",
              "speed": "slow",
              "pass": true,
              "fail": false,
              "pending": false,
              "context": null,
              "code": "cy.get(\".traversal-breadcrumb\").children(\".active\").should(\"contain\", \"Contact Us\");",
              "err": {},
              "uuid": "2e3c0ed6-c1a5-4de1-b486-9b114c01d3d3",
              "parentUUID": "35bcf10a-c785-42d9-9b3f-b50ba08de26e",
              "isHook": false,
              "skipped": false
            },
            {
              "title": "closest() to validate the closest ancestor DOM element",
              "fullTitle": "Traversing DOM elements in Cypress closest() to validate the closest ancestor DOM element",
              "timedOut": null,
              "duration": 534,
              "state": "passed",
              "speed": "slow",
              "pass": true,
              "fail": false,
              "pending": false,
              "context": null,
              "code": "cy.get(\".traversal-badge\").closest(\"ul\").should(\"have.class\", \"list-group\");",
              "err": {},
              "uuid": "d0241c76-152e-4e29-bbbb-346193f228ce",
              "parentUUID": "35bcf10a-c785-42d9-9b3f-b50ba08de26e",
              "isHook": false,
              "skipped": false
            },
            {
              "title": "eq() to retrieve a specific element based on index",
              "fullTitle": "Traversing DOM elements in Cypress eq() to retrieve a specific element based on index",
              "timedOut": null,
              "duration": 541,
              "state": "passed",
              "speed": "slow",
              "pass": true,
              "fail": false,
              "pending": false,
              "context": null,
              "code": "cy.get(\".traversal-drinks-list > *\").eq(2).should(\"contain\", \"Milk\");",
              "err": {},
              "uuid": "f1c26b9d-8788-4c7b-a4f5-147177ebaa2f",
              "parentUUID": "35bcf10a-c785-42d9-9b3f-b50ba08de26e",
              "isHook": false,
              "skipped": false
            },
            {
              "title": "filter() to retrieve DOM elements that match a specific selector",
              "fullTitle": "Traversing DOM elements in Cypress filter() to retrieve DOM elements that match a specific selector",
              "timedOut": null,
              "duration": 508,
              "state": "passed",
              "speed": "slow",
              "pass": true,
              "fail": false,
              "pending": false,
              "context": null,
              "code": "cy.get(\".btn-group-toggle > *\").filter(\".active\").should(\"contain\", \"Button-1\");",
              "err": {},
              "uuid": "2ca4d33e-11c0-4f0f-99d7-8f67bca20ad0",
              "parentUUID": "35bcf10a-c785-42d9-9b3f-b50ba08de26e",
              "isHook": false,
              "skipped": false
            },
            {
              "title": "find() to retrieve DOM elements of a given selector",
              "fullTitle": "Traversing DOM elements in Cypress find() to retrieve DOM elements of a given selector",
              "timedOut": null,
              "duration": 586,
              "state": "passed",
              "speed": "slow",
              "pass": true,
              "fail": false,
              "pending": false,
              "context": null,
              "code": "cy.get(\".traversal-pagination\").find(\"li\").find(\"a\").should(\"have.length\", 7);",
              "err": {},
              "uuid": "51863c1e-b82d-42d0-b696-19db3c7c9ebd",
              "parentUUID": "35bcf10a-c785-42d9-9b3f-b50ba08de26e",
              "isHook": false,
              "skipped": false
            },
            {
              "title": "first() to retrieve the first DOM element within elements ",
              "fullTitle": "Traversing DOM elements in Cypress first() to retrieve the first DOM element within elements ",
              "timedOut": null,
              "duration": 517,
              "state": "passed",
              "speed": "slow",
              "pass": true,
              "fail": false,
              "pending": false,
              "context": null,
              "code": "cy.get(\".traversal-table > tbody > tr > td\").first().should(\"contain\", \"Andy\");",
              "err": {},
              "uuid": "c9ba07ad-7b54-4557-ad77-c2b0e003b436",
              "parentUUID": "35bcf10a-c785-42d9-9b3f-b50ba08de26e",
              "isHook": false,
              "skipped": false
            },
            {
              "title": "last() to retrieve the last DOM element within elements",
              "fullTitle": "Traversing DOM elements in Cypress last() to retrieve the last DOM element within elements",
              "timedOut": null,
              "duration": 578,
              "state": "passed",
              "speed": "slow",
              "pass": true,
              "fail": false,
              "pending": false,
              "context": null,
              "code": "cy.get(\".traversal-table > tbody > tr > td\").last().should(\"contain\", \"Scott\");",
              "err": {},
              "uuid": "5c44536d-6613-403c-b947-c752714b4a10",
              "parentUUID": "35bcf10a-c785-42d9-9b3f-b50ba08de26e",
              "isHook": false,
              "skipped": false
            },
            {
              "title": "nextAll() to get all of the next sibling DOM elements within elements",
              "fullTitle": "Traversing DOM elements in Cypress nextAll() to get all of the next sibling DOM elements within elements",
              "timedOut": null,
              "duration": 537,
              "state": "passed",
              "speed": "slow",
              "pass": true,
              "fail": false,
              "pending": false,
              "context": null,
              "code": "cy.get(\".traversal-drinks-list\").contains(\"Tea\").nextAll().should(\"have.length\", \"3\");",
              "err": {},
              "uuid": "2c5faa09-d17d-47c2-a615-39c6150e7548",
              "parentUUID": "35bcf10a-c785-42d9-9b3f-b50ba08de26e",
              "isHook": false,
              "skipped": false
            },
            {
              "title": "nextUntil() to get all of the next sibling DOM elements within elements until another element",
              "fullTitle": "Traversing DOM elements in Cypress nextUntil() to get all of the next sibling DOM elements within elements until another element",
              "timedOut": null,
              "duration": 498,
              "state": "passed",
              "speed": "slow",
              "pass": true,
              "fail": false,
              "pending": false,
              "context": null,
              "code": "cy.get(\"#coffee\").nextUntil(\"#milk\");",
              "err": {},
              "uuid": "e722056c-1498-43b9-98b8-880d666e373d",
              "parentUUID": "35bcf10a-c785-42d9-9b3f-b50ba08de26e",
              "isHook": false,
              "skipped": false
            },
            {
              "title": "not() to remove DOM element(s) from the set of elements",
              "fullTitle": "Traversing DOM elements in Cypress not() to remove DOM element(s) from the set of elements",
              "timedOut": null,
              "duration": 554,
              "state": "passed",
              "speed": "slow",
              "pass": true,
              "fail": false,
              "pending": false,
              "context": null,
              "code": "cy.get(\".traversal-button-states > button\").not(\".disabled\").should(\"not.have.class\", \"disabled\");",
              "err": {},
              "uuid": "e40067b2-d408-4e8a-95ec-e6cfbe391ca3",
              "parentUUID": "35bcf10a-c785-42d9-9b3f-b50ba08de26e",
              "isHook": false,
              "skipped": false
            },
            {
              "title": "parent() To get parent DOM element of elements",
              "fullTitle": "Traversing DOM elements in Cypress parent() To get parent DOM element of elements",
              "timedOut": null,
              "duration": 540,
              "state": "passed",
              "speed": "slow",
              "pass": true,
              "fail": false,
              "pending": false,
              "context": null,
              "code": "cy.get(\".traversal-mark\").parent().should(\"contain\", \"Lorem ipsum dolor sit amet\");",
              "err": {},
              "uuid": "bf1530a2-9d40-4496-ae69-167eff52336c",
              "parentUUID": "35bcf10a-c785-42d9-9b3f-b50ba08de26e",
              "isHook": false,
              "skipped": false
            },
            {
              "title": "parents() to get parents DOM element of elements",
              "fullTitle": "Traversing DOM elements in Cypress parents() to get parents DOM element of elements",
              "timedOut": null,
              "duration": 575,
              "state": "passed",
              "speed": "slow",
              "pass": true,
              "fail": false,
              "pending": false,
              "context": null,
              "code": "cy.get(\".traversal-cite\").parents().should(\"match\", \"blockquote\");",
              "err": {},
              "uuid": "c72d551e-b468-41bd-8364-5db823c3d086",
              "parentUUID": "35bcf10a-c785-42d9-9b3f-b50ba08de26e",
              "isHook": false,
              "skipped": false
            },
            {
              "title": "prev() to get the previous sibling DOM element within elements",
              "fullTitle": "Traversing DOM elements in Cypress prev() to get the previous sibling DOM element within elements",
              "timedOut": null,
              "duration": 797,
              "state": "passed",
              "speed": "slow",
              "pass": true,
              "fail": false,
              "pending": false,
              "context": null,
              "code": "cy.get(\"#sugar\").prev().contains(\"Espresso\");",
              "err": {},
              "uuid": "ee6277b8-d831-496e-baf0-4361911bfb86",
              "parentUUID": "35bcf10a-c785-42d9-9b3f-b50ba08de26e",
              "isHook": false,
              "skipped": false
            },
            {
              "title": "prevAll() to get all previous sibling DOM elements within elements",
              "fullTitle": "Traversing DOM elements in Cypress prevAll() to get all previous sibling DOM elements within elements",
              "timedOut": null,
              "duration": 555,
              "state": "passed",
              "speed": "slow",
              "pass": true,
              "fail": false,
              "pending": false,
              "context": null,
              "code": "cy.get(\".sales\").prevAll().should(\"have.length\", 2);",
              "err": {},
              "uuid": "449d8c91-f65e-4af7-8b6e-baa2cbdbeef6",
              "parentUUID": "35bcf10a-c785-42d9-9b3f-b50ba08de26e",
              "isHook": false,
              "skipped": false
            },
            {
              "title": "prevUntil() to get all previous sibling DOM elements within elements until other element",
              "fullTitle": "Traversing DOM elements in Cypress prevUntil() to get all previous sibling DOM elements within elements until other element",
              "timedOut": null,
              "duration": 526,
              "state": "passed",
              "speed": "slow",
              "pass": true,
              "fail": false,
              "pending": false,
              "context": null,
              "code": "cy.get(\"#veggie\").prevUntil(\"#fruits\").should(\"have.length\", 5);",
              "err": {},
              "uuid": "616b491b-956d-48e5-b12e-b437f4557365",
              "parentUUID": "35bcf10a-c785-42d9-9b3f-b50ba08de26e",
              "isHook": false,
              "skipped": false
            },
            {
              "title": "siblings() To get all sibling DOM elements of elements",
              "fullTitle": "Traversing DOM elements in Cypress siblings() To get all sibling DOM elements of elements",
              "timedOut": null,
              "duration": 612,
              "state": "passed",
              "speed": "slow",
              "pass": true,
              "fail": false,
              "pending": false,
              "context": null,
              "code": "cy.get(\".traversal-button-other-states .active\").siblings().should(\"have.length\", 3);",
              "err": {},
              "uuid": "d23ce5bd-e184-45db-a703-8ac7b22507b6",
              "parentUUID": "35bcf10a-c785-42d9-9b3f-b50ba08de26e",
              "isHook": false,
              "skipped": false
            }
          ],
          "suites": [],
          "passes": [
            "2e3c0ed6-c1a5-4de1-b486-9b114c01d3d3",
            "d0241c76-152e-4e29-bbbb-346193f228ce",
            "f1c26b9d-8788-4c7b-a4f5-147177ebaa2f",
            "2ca4d33e-11c0-4f0f-99d7-8f67bca20ad0",
            "51863c1e-b82d-42d0-b696-19db3c7c9ebd",
            "c9ba07ad-7b54-4557-ad77-c2b0e003b436",
            "5c44536d-6613-403c-b947-c752714b4a10",
            "2c5faa09-d17d-47c2-a615-39c6150e7548",
            "e722056c-1498-43b9-98b8-880d666e373d",
            "e40067b2-d408-4e8a-95ec-e6cfbe391ca3",
            "bf1530a2-9d40-4496-ae69-167eff52336c",
            "c72d551e-b468-41bd-8364-5db823c3d086",
            "ee6277b8-d831-496e-baf0-4361911bfb86",
            "449d8c91-f65e-4af7-8b6e-baa2cbdbeef6",
            "616b491b-956d-48e5-b12e-b437f4557365",
            "d23ce5bd-e184-45db-a703-8ac7b22507b6"
          ],
          "failures": [],
          "pending": [],
          "skipped": [],
          "duration": 9564,
          "root": false,
          "rootEmpty": false,
          "_timeout": 2000
        }
      ],
      "passes": [],
      "failures": [],
      "pending": [],
      "skipped": [],
      "duration": 0,
      "root": true,
      "rootEmpty": true,
      "_timeout": 2000
    }
  ],
  "meta": {
    "mocha": {
      "version": "7.0.1"
    },
    "mochawesome": {
      "options": {
        "quiet": false,
        "reportFilename": "mochawesome",
        "saveHtml": false,
        "saveJson": true,
        "consoleReporter": "spec",
        "useInlineDiffs": false,
        "code": true
      },
      "version": "6.2.1"
    },
    "marge": {
      "options": {
        "id": "default",
        "reportDir": "cypress/results/mochawesome",
        "quite": true,
        "overwrite": false,
        "html": false,
        "json": true
      },
      "version": "5.1.0"
    }
  }
}